Copyright 1986-2019 Xilinx, Inc. All Rights Reserved.
----------------------------------------------------------------------------------------------------------------------------------
| Tool Version     : Vivado v.2019.1 (win64) Build 2552052 Fri May 24 14:49:42 MDT 2019
| Date             : Thu Feb 27 21:15:13 2020
| Host             : DESKTOP-RAMON running 64-bit major release  (build 9200)
| Command          : report_power -file main_power_routed.rpt -pb main_power_summary_routed.pb -rpx main_power_routed.rpx
| Design           : main
| Device           : xc7a35ticsg324-1L
| Design State     : routed
| Grade            : industrial
| Process          : typical
| Characterization : Production
----------------------------------------------------------------------------------------------------------------------------------

Power Report

Table of Contents
-----------------
1. Summary
1.1 On-Chip Components
1.2 Power Supply Summary
1.3 Confidence Level
2. Settings
2.1 Environment
2.2 Clock Constraints
3. Detailed Reports
3.1 By Hierarchy

1. Summary
----------

+--------------------------+--------------+
| Total On-Chip Power (W)  | 0.931        |
| Design Power Budget (W)  | Unspecified* |
| Power Budget Margin (W)  | NA           |
| Dynamic (W)              | 0.866        |
| Device Static (W)        | 0.065        |
| Effective TJA (C/W)      | 4.8          |
| Max Ambient (C)          | 95.5         |
| Junction Temperature (C) | 29.5         |
| Confidence Level         | Low          |
| Setting File             | ---          |
| Simulation Activity File | ---          |
| Design Nets Matched      | NA           |
+--------------------------+--------------+
* Specify Design Power Budget using, set_operating_conditions -design_power_budget <value in Watts>


1.1 On-Chip Components
----------------------

+--------------------------+-----------+----------+-----------+-----------------+
| On-Chip                  | Power (W) | Used     | Available | Utilization (%) |
+--------------------------+-----------+----------+-----------+-----------------+
| Clocks                   |     0.038 |       30 |       --- |             --- |
| Slice Logic              |     0.020 |    25700 |       --- |             --- |
|   LUT as Logic           |     0.018 |     9035 |     20800 |           43.44 |
|   Register               |    <0.001 |    10794 |     41600 |           25.95 |
|   CARRY4                 |    <0.001 |      554 |      8150 |            6.80 |
|   LUT as Distributed RAM |    <0.001 |      672 |      9600 |            7.00 |
|   LUT as Shift Register  |    <0.001 |      642 |      9600 |            6.69 |
|   BUFG                   |    <0.001 |        2 |        32 |            6.25 |
|   F7/F8 Muxes            |    <0.001 |      174 |     32600 |            0.53 |
|   Others                 |     0.000 |     1168 |       --- |             --- |
| Signals                  |     0.022 |    18866 |       --- |             --- |
| Block RAM                |     0.008 |       46 |        50 |           92.00 |
| MMCM                     |     0.195 |        2 |         5 |           40.00 |
| PLL                      |     0.199 |        2 |         5 |           40.00 |
| I/O                      |     0.273 |       86 |       210 |           40.95 |
| PHASER                   |     0.108 |       14 |       --- |             --- |
| XADC                     |     0.004 |        1 |       --- |             --- |
| Static Power             |     0.065 |          |           |                 |
| Total                    |     0.931 |          |           |                 |
+--------------------------+-----------+----------+-----------+-----------------+


1.2 Power Supply Summary
------------------------

+-----------+-------------+-----------+-------------+------------+
| Source    | Voltage (V) | Total (A) | Dynamic (A) | Static (A) |
+-----------+-------------+-----------+-------------+------------+
| Vccint    |       0.950 |     0.136 |       0.128 |      0.007 |
| Vccaux    |       1.800 |     0.329 |       0.317 |      0.011 |
| Vcco33    |       3.300 |     0.005 |       0.004 |      0.001 |
| Vcco25    |       2.500 |     0.000 |       0.000 |      0.000 |
| Vcco18    |       1.800 |     0.000 |       0.000 |      0.000 |
| Vcco15    |       1.500 |     0.000 |       0.000 |      0.000 |
| Vcco135   |       1.350 |     0.118 |       0.117 |      0.001 |
| Vcco12    |       1.200 |     0.000 |       0.000 |      0.000 |
| Vccaux_io |       1.800 |     0.000 |       0.000 |      0.000 |
| Vccbram   |       0.950 |     0.001 |       0.001 |      0.001 |
| MGTAVcc   |       1.000 |     0.000 |       0.000 |      0.000 |
| MGTAVtt   |       1.200 |     0.000 |       0.000 |      0.000 |
| Vccadc    |       1.800 |     0.020 |       0.002 |      0.018 |
+-----------+-------------+-----------+-------------+------------+


1.3 Confidence Level
--------------------

+-----------------------------+------------+--------------------------------------------------------+------------------------------------------------------------------------------------------------------------+
| User Input Data             | Confidence | Details                                                | Action                                                                                                     |
+-----------------------------+------------+--------------------------------------------------------+------------------------------------------------------------------------------------------------------------+
| Design implementation state | High       | Design is routed                                       |                                                                                                            |
| Clock nodes activity        | High       | User specified more than 95% of clocks                 |                                                                                                            |
| I/O nodes activity          | Low        | More than 75% of inputs are missing user specification | Provide missing input activity with simulation results or by editing the "By Resource Type -> I/Os" view   |
| Internal nodes activity     | Medium     | User specified less than 25% of internal nodes         | Provide missing internal nodes activity with simulation results or by editing the "By Resource Type" views |
| Device models               | High       | Device models are Production                           |                                                                                                            |
|                             |            |                                                        |                                                                                                            |
| Overall confidence level    | Low        |                                                        |                                                                                                            |
+-----------------------------+------------+--------------------------------------------------------+------------------------------------------------------------------------------------------------------------+


2. Settings
-----------

2.1 Environment
---------------

+-----------------------+--------------------------+
| Ambient Temp (C)      | 25.0                     |
| ThetaJA (C/W)         | 4.8                      |
| Airflow (LFM)         | 250                      |
| Heat Sink             | medium (Medium Profile)  |
| ThetaSA (C/W)         | 4.6                      |
| Board Selection       | medium (10"x10")         |
| # of Board Layers     | 12to15 (12 to 15 Layers) |
| Board Temperature (C) | 25.0                     |
+-----------------------+--------------------------+


2.2 Clock Constraints
---------------------

+-----------------------------------------------------------------------------------------------------------------------------------------------------------+--------------------------------------------------------------------------------------------------------------------------------------------------------------------------------------------------------------------------------+-----------------+
| Clock                                                                                                                                                     | Domain                                                                                                                                                                                                                         | Constraint (ns) |
+-----------------------------------------------------------------------------------------------------------------------------------------------------------+--------------------------------------------------------------------------------------------------------------------------------------------------------------------------------------------------------------------------------+-----------------+
| C                                                                                                                                                         | INST_INTERFACE/INST_ETHERNET/C                                                                                                                                                                                                 |            40.0 |
| CLKFBIN                                                                                                                                                   | INST_INTERFACE/INST_ETHERNET/CLKFBIN                                                                                                                                                                                           |            10.0 |
| clk_200_clk_wiz_0                                                                                                                                         | INST_CLK/inst/clk_200_clk_wiz_0                                                                                                                                                                                                |             5.0 |
| clk_25_clk_wiz_0                                                                                                                                          | INST_CLK/inst/clk_25_clk_wiz_0                                                                                                                                                                                                 |            40.4 |
| clk_50_clk_wiz_0                                                                                                                                          | INST_CLK/inst/clk_50_clk_wiz_0                                                                                                                                                                                                 |            20.2 |
| clk_81_clk_wiz_0                                                                                                                                          | INST_CLK/inst/clk_81_clk_wiz_0                                                                                                                                                                                                 |            12.3 |
| clk_pll_i                                                                                                                                                 | INST_DRAM/INST_MIG_SDRAM/INST_MIG_7SERIES/u_mig_7series_mig/u_ddr3_infrastructure/clk_pll_i                                                                                                                                    |            12.3 |
| clkfbout_clk_wiz_0                                                                                                                                        | INST_CLK/inst/clkfbout_clk_wiz_0                                                                                                                                                                                               |            80.0 |
| dbg_hub/inst/BSCANID.u_xsdbm_id/SWITCH_N_EXT_BSCAN.bscan_inst/SERIES7_BSCAN.bscan_inst/TCK                                                                | dbg_hub/inst/BSCANID.u_xsdbm_id/SWITCH_N_EXT_BSCAN.bscan_inst/tck_bs                                                                                                                                                           |            33.0 |
| freq_refclk                                                                                                                                               | INST_DRAM/INST_MIG_SDRAM/INST_MIG_7SERIES/u_mig_7series_mig/u_ddr3_infrastructure/freq_refclk                                                                                                                                  |             1.5 |
| iserdes_clkdiv                                                                                                                                            | INST_DRAM/INST_MIG_SDRAM/INST_MIG_7SERIES/u_mig_7series_mig/u_memc_ui_top_axi/mem_intfc0/ddr_phy_top0/u_ddr_mc_phy_wrapper/u_ddr_mc_phy/ddr_phy_4lanes_0.u_ddr_phy_4lanes/ddr_byte_lane_C.ddr_byte_lane_C/iserdes_clkdiv       |            12.3 |
| iserdes_clkdiv_1                                                                                                                                          | INST_DRAM/INST_MIG_SDRAM/INST_MIG_7SERIES/u_mig_7series_mig/u_memc_ui_top_axi/mem_intfc0/ddr_phy_top0/u_ddr_mc_phy_wrapper/u_ddr_mc_phy/ddr_phy_4lanes_0.u_ddr_phy_4lanes/ddr_byte_lane_D.ddr_byte_lane_D/iserdes_clkdiv       |            12.3 |
| mem_refclk                                                                                                                                                | INST_DRAM/INST_MIG_SDRAM/INST_MIG_7SERIES/u_mig_7series_mig/u_ddr3_infrastructure/mem_refclk                                                                                                                                   |             3.1 |
| oserdes_clk                                                                                                                                               | INST_DRAM/INST_MIG_SDRAM/INST_MIG_7SERIES/u_mig_7series_mig/u_memc_ui_top_axi/mem_intfc0/ddr_phy_top0/u_ddr_mc_phy_wrapper/u_ddr_mc_phy/ddr_phy_4lanes_0.u_ddr_phy_4lanes/ddr_byte_lane_A.ddr_byte_lane_A/oserdes_clk          |             3.1 |
| oserdes_clk_1                                                                                                                                             | INST_DRAM/INST_MIG_SDRAM/INST_MIG_7SERIES/u_mig_7series_mig/u_memc_ui_top_axi/mem_intfc0/ddr_phy_top0/u_ddr_mc_phy_wrapper/u_ddr_mc_phy/ddr_phy_4lanes_0.u_ddr_phy_4lanes/ddr_byte_lane_B.ddr_byte_lane_B/oserdes_clk          |             3.1 |
| oserdes_clk_2                                                                                                                                             | INST_DRAM/INST_MIG_SDRAM/INST_MIG_7SERIES/u_mig_7series_mig/u_memc_ui_top_axi/mem_intfc0/ddr_phy_top0/u_ddr_mc_phy_wrapper/u_ddr_mc_phy/ddr_phy_4lanes_0.u_ddr_phy_4lanes/ddr_byte_lane_C.ddr_byte_lane_C/oserdes_clk          |             3.1 |
| oserdes_clk_3                                                                                                                                             | INST_DRAM/INST_MIG_SDRAM/INST_MIG_7SERIES/u_mig_7series_mig/u_memc_ui_top_axi/mem_intfc0/ddr_phy_top0/u_ddr_mc_phy_wrapper/u_ddr_mc_phy/ddr_phy_4lanes_0.u_ddr_phy_4lanes/ddr_byte_lane_D.ddr_byte_lane_D/oserdes_clk          |             3.1 |
| oserdes_clkdiv                                                                                                                                            | INST_DRAM/INST_MIG_SDRAM/INST_MIG_7SERIES/u_mig_7series_mig/u_memc_ui_top_axi/mem_intfc0/ddr_phy_top0/u_ddr_mc_phy_wrapper/u_ddr_mc_phy/ddr_phy_4lanes_0.u_ddr_phy_4lanes/ddr_byte_lane_A.ddr_byte_lane_A/oserdes_clkdiv       |            12.3 |
| oserdes_clkdiv_1                                                                                                                                          | INST_DRAM/INST_MIG_SDRAM/INST_MIG_7SERIES/u_mig_7series_mig/u_memc_ui_top_axi/mem_intfc0/ddr_phy_top0/u_ddr_mc_phy_wrapper/u_ddr_mc_phy/ddr_phy_4lanes_0.u_ddr_phy_4lanes/ddr_byte_lane_B.ddr_byte_lane_B/oserdes_clkdiv       |            12.3 |
| oserdes_clkdiv_2                                                                                                                                          | INST_DRAM/INST_MIG_SDRAM/INST_MIG_7SERIES/u_mig_7series_mig/u_memc_ui_top_axi/mem_intfc0/ddr_phy_top0/u_ddr_mc_phy_wrapper/u_ddr_mc_phy/ddr_phy_4lanes_0.u_ddr_phy_4lanes/ddr_byte_lane_C.ddr_byte_lane_C/oserdes_clkdiv       |             6.2 |
| oserdes_clkdiv_3                                                                                                                                          | INST_DRAM/INST_MIG_SDRAM/INST_MIG_7SERIES/u_mig_7series_mig/u_memc_ui_top_axi/mem_intfc0/ddr_phy_top0/u_ddr_mc_phy_wrapper/u_ddr_mc_phy/ddr_phy_4lanes_0.u_ddr_phy_4lanes/ddr_byte_lane_D.ddr_byte_lane_D/oserdes_clkdiv       |             6.2 |
| pll_clk3_out                                                                                                                                              | INST_DRAM/INST_MIG_SDRAM/INST_MIG_7SERIES/u_mig_7series_mig/u_ddr3_infrastructure/pll_clk3_out                                                                                                                                 |            12.3 |
| pll_clkfbout                                                                                                                                              | INST_DRAM/INST_MIG_SDRAM/INST_MIG_7SERIES/u_mig_7series_mig/u_ddr3_infrastructure/pll_clkfbout                                                                                                                                 |            12.3 |
| sync_pulse                                                                                                                                                | INST_DRAM/INST_MIG_SDRAM/INST_MIG_7SERIES/u_mig_7series_mig/u_ddr3_infrastructure/sync_pulse                                                                                                                                   |            49.2 |
| sys_clk_pin                                                                                                                                               | clk                                                                                                                                                                                                                            |            10.0 |
| sys_clk_pin                                                                                                                                               | clk_IBUF                                                                                                                                                                                                                       |            10.0 |
| u_memc_ui_top_axi/mem_intfc0/ddr_phy_top0/u_ddr_mc_phy_wrapper/u_ddr_mc_phy/ddr_phy_4lanes_0.u_ddr_phy_4lanes/ddr_byte_lane_C.ddr_byte_lane_C/iserdes_clk | INST_DRAM/INST_MIG_SDRAM/INST_MIG_7SERIES/u_mig_7series_mig/u_memc_ui_top_axi/mem_intfc0/ddr_phy_top0/u_ddr_mc_phy_wrapper/u_ddr_mc_phy/ddr_phy_4lanes_0.u_ddr_phy_4lanes/ddr_byte_lane_C.ddr_byte_lane_C/A_rst_primitives_reg |             3.1 |
| u_memc_ui_top_axi/mem_intfc0/ddr_phy_top0/u_ddr_mc_phy_wrapper/u_ddr_mc_phy/ddr_phy_4lanes_0.u_ddr_phy_4lanes/ddr_byte_lane_D.ddr_byte_lane_D/iserdes_clk | INST_DRAM/INST_MIG_SDRAM/INST_MIG_7SERIES/u_mig_7series_mig/u_memc_ui_top_axi/mem_intfc0/ddr_phy_top0/u_ddr_mc_phy_wrapper/u_ddr_mc_phy/ddr_phy_4lanes_0.u_ddr_phy_4lanes/ddr_byte_lane_D.ddr_byte_lane_D/A_rst_primitives_reg |             3.1 |
+-----------------------------------------------------------------------------------------------------------------------------------------------------------+--------------------------------------------------------------------------------------------------------------------------------------------------------------------------------------------------------------------------------+-----------------+


3. Detailed Reports
-------------------

3.1 By Hierarchy
----------------

+--------------------------+-----------+
| Name                     | Power (W) |
+--------------------------+-----------+
| main                     |     0.866 |
|   INST_CLK               |     0.108 |
|     inst                 |     0.108 |
|   INST_DRAM              |     0.630 |
|     INST_DRAM_CONTROL    |     0.003 |
|     INST_ILA_0           |     0.020 |
|       inst               |     0.020 |
|     INST_MIG_SDRAM       |     0.608 |
|       INST_MIG_7SERIES   |     0.607 |
|       bus_translator     |     0.001 |
|   INST_FIFO_81_ETH       |     0.001 |
|     U0                   |     0.001 |
|       inst_fifo_gen      |     0.001 |
|   INST_FIFO_REF_81       |     0.006 |
|     U0                   |     0.006 |
|       inst_fifo_gen      |     0.006 |
|   INST_INTERFACE         |     0.093 |
|     INST_ETHERNET        |     0.093 |
|       data               |     0.004 |
|       i_add_crc32        |     0.002 |
|   INST_MEMORY            |     0.004 |
|     INST_SD              |     0.003 |
|   INST_PROCESSING        |     0.005 |
|   dbg_hub                |     0.002 |
|     inst                 |     0.002 |
|       BSCANID.u_xsdbm_id |     0.002 |
+--------------------------+-----------+


